
                         Lattice Mapping Report File

Design:  lab3_ai_prototype_qm
Family:  iCE40UP
Device:  iCE40UP5K
Package: SG48
Performance Grade:  High-Performance_1.2V

Mapper:    version Radiant Software (64-bit) 2025.1.0.39.0
Mapped on: Thu Sep 18 13:49:10 2025

Design Information
------------------

Command line:   map -i lab3_ai_prototype_qm_impl_1_syn.udb -o
     lab3_ai_prototype_qm_impl_1_map.udb -mp lab3_ai_prototype_qm_impl_1.mrp
     -hierrpt -gui -msgset C:/Users/peppe/OneDrive/Desktop/Fall 2025 - Spring
     2026/ENGR 155/e155-labs/lab3/ai_prototype/lab3_ai_prototype_qm/promote.xml

Design Summary
--------------

   Number of slice registers:  59 out of  5280 (1%)
   Number of I/O registers:      0 out of   117 (0%)
   Number of LUT4s:           104 out of  5280 (2%)
      Number of logic LUT4s:              56
      Number of inserted feedthru LUT4s:  12
      Number of ripple logic:             18 (36 LUT4s)
   Number of IO sites used:   19 out of 39 (49%)
      Number of IO sites used for general PIO: 19
      Number of IO sites used for I3C: 0 out of 2 (0%)
      (note: If I3C is not used, its site can be used as general PIO)
      Number of IO sites used for PIO+I3C: 19 out of 36 (53%)
      Number of IO sites used for OD+RGB IO buffers: 0 out of 3 (0%)
      (note: If RGB LED drivers are not used, sites can be used as OD outputs,
       see TN1288 iCE40 LED Driver Usage Guide)
      Number of IO sites used for PIO+I3C+OD+RGB: 19 out of 39 (49%)
   Number of DSPs:             0 out of 8 (0%)
   Number of I2Cs:             0 out of 2 (0%)
   Number of High Speed OSCs:  0 out of 1 (0%)
   Number of Low Speed OSCs:   0 out of 1 (0%)
   Number of RGB PWM:          0 out of 1 (0%)
   Number of RGB Drivers:      0 out of 1 (0%)
   Number of SCL FILTERs:      0 out of 2 (0%)
   Number of SRAMs:            0 out of 4 (0%)
   Number of WARMBOOTs:        0 out of 1 (0%)
   Number of SPIs:             0 out of 2 (0%)
   Number of EBRs:             0 out of 30 (0%)
   Number of PLLs:             0 out of 1 (0%)
   Number of Clocks:  1
      Net clk_c: 44 loads, 44 rising, 0 falling (Driver: Port clk)
   Number of Clock Enables:  5
      Net n723: 8 loads, 8 SLICEs
      Net n774: 1 loads, 1 SLICEs
      Net n715: 1 loads, 1 SLICEs
      Net kscan.n693: 7 loads, 7 SLICEs
      Net kscan.n725: 4 loads, 4 SLICEs
   Number of LSRs:  3
      Net n3: 22 loads, 22 SLICEs
      Net clkdiv.n290: 8 loads, 8 SLICEs
      Net clkdiv.n288: 10 loads, 10 SLICEs

                                    Page 1





Design Summary (cont)
---------------------
   Top 10 highest fanout non-clock nets:
      Net n3: 22 loads
      Net rst_n_c: 12 loads
      Net clkdiv.n288: 10 loads
      Net kscan.col_idx[0]: 10 loads
      Net n802: 10 loads
      Net kscan.col_idx[1]: 9 loads
      Net state[1]: 9 loads
      Net clkdiv.n290: 8 loads
      Net n723: 8 loads
      Net digit_n_c: 7 loads





   Number of warnings:  0
   Number of criticals: 0
   Number of errors:    0

Design Errors/Criticals/Warnings
--------------------------------

   No error, critical, or warning presents.

IO (PIO) Attributes
-------------------

+---------------------+-----------+-----------+-------+-------+-----------+
| IO Name             | Direction | Levelmode |  IO   |  IO   | Special   |
|                     |           |  IO_TYPE  |  REG  |  DDR  | IO Buffer |
+---------------------+-----------+-----------+-------+-------+-----------+
| rows_n[0]           | INPUT     |           |       |       |           |
+---------------------+-----------+-----------+-------+-------+-----------+
| rows_n[1]           | INPUT     |           |       |       |           |
+---------------------+-----------+-----------+-------+-------+-----------+
| rows_n[2]           | INPUT     |           |       |       |           |
+---------------------+-----------+-----------+-------+-------+-----------+
| rows_n[3]           | INPUT     |           |       |       |           |
+---------------------+-----------+-----------+-------+-------+-----------+
| rst_n               | INPUT     |           |       |       |           |
+---------------------+-----------+-----------+-------+-------+-----------+
| clk                 | INPUT     |           |       |       |           |
+---------------------+-----------+-----------+-------+-------+-----------+
| digit_n[0]          | OUTPUT    |           |       |       |           |
+---------------------+-----------+-----------+-------+-------+-----------+
| digit_n[1]          | OUTPUT    |           |       |       |           |
+---------------------+-----------+-----------+-------+-------+-----------+
| seg_n[0]            | OUTPUT    |           |       |       |           |
+---------------------+-----------+-----------+-------+-------+-----------+
| seg_n[1]            | OUTPUT    |           |       |       |           |
+---------------------+-----------+-----------+-------+-------+-----------+
| seg_n[2]            | OUTPUT    |           |       |       |           |
+---------------------+-----------+-----------+-------+-------+-----------+
| seg_n[3]            | OUTPUT    |           |       |       |           |
+---------------------+-----------+-----------+-------+-------+-----------+
| seg_n[4]            | OUTPUT    |           |       |       |           |
+---------------------+-----------+-----------+-------+-------+-----------+

                                    Page 2





IO (PIO) Attributes (cont)
--------------------------
| seg_n[5]            | OUTPUT    |           |       |       |           |
+---------------------+-----------+-----------+-------+-------+-----------+
| seg_n[6]            | OUTPUT    |           |       |       |           |
+---------------------+-----------+-----------+-------+-------+-----------+
| cols_n[0]           | OUTPUT    |           |       |       |           |
+---------------------+-----------+-----------+-------+-------+-----------+
| cols_n[1]           | OUTPUT    |           |       |       |           |
+---------------------+-----------+-----------+-------+-------+-----------+
| cols_n[2]           | OUTPUT    |           |       |       |           |
+---------------------+-----------+-----------+-------+-------+-----------+
| cols_n[3]           | OUTPUT    |           |       |       |           |
+---------------------+-----------+-----------+-------+-------+-----------+

Removed logic
-------------

Block rows_n_pad[0].vlo_inst was optimized away.

Constraint Summary
------------------

   Total number of constraints: 0
   Total number of constraints dropped: 0

Run Time and Memory Usage
-------------------------

   Total CPU Time: 0 secs
   Total REAL Time: 0 secs
   Peak Memory Usage: 63 MB
Checksum -- map: 5f53ab8af59dc1fbf341e499ddf658ff4e897a55



























                                    Page 3


Copyright (c) 1991-1994 by NeoCAD Inc. All rights reserved.
Copyright (c) 1995
     AT&T Corp.   All rights reserved.
Copyright (c) 1995-2001 Lucent
     Technologies Inc.  All rights reserved.
Copyright (c) 2001 Agere Systems
     All rights reserved.
Copyright (c) 2002-2025 Lattice Semiconductor
     Corporation,  All rights reserved.
