
                         Lattice Mapping Report File

Design:  lab1_qm
Family:  iCE40UP
Device:  iCE40UP5K
Package: SG48
Performance Grade:  High-Performance_1.2V

Mapper:    version Radiant Software (64-bit) 2024.2.0.3.0
Mapped on: Sat Aug 30 15:17:52 2025

Design Information
------------------

Command line:   map -pdc
     C:/Users/qmiyamoto/Desktop/E155_QM/lab1_qm/lab1_pins_qm.pdc -i
     lab1_impl_1_syn.udb -o lab1_impl_1_map.udb -mp lab1_impl_1.mrp -hierrpt
     -gui -msgset C:/Users/qmiyamoto/Desktop/E155_QM/lab1_qm/promote.xml

Design Summary
--------------

   Number of slice registers:  25 out of  5280 (<1%)
   Number of I/O registers:      0 out of   117 (0%)
   Number of LUT4s:            68 out of  5280 (1%)
      Number of logic LUT4s:              42
      Number of ripple logic:             13 (26 LUT4s)
   Number of IO sites used:   15 out of 39 (38%)
      Number of IO sites used for general PIO: 15
      Number of IO sites used for I3C: 0 out of 2 (0%)
      (note: If I3C is not used, its site can be used as general PIO)
      Number of IO sites used for PIO+I3C: 15 out of 36 (42%)
      Number of IO sites used for OD+RGB IO buffers: 0 out of 3 (0%)
      (note: If RGB LED drivers are not used, sites can be used as OD outputs,
       see TN1288 iCE40 LED Driver Usage Guide)
      Number of IO sites used for PIO+I3C+OD+RGB: 15 out of 39 (38%)
   Number of DSPs:             0 out of 8 (0%)
   Number of I2Cs:             0 out of 2 (0%)
   Number of High Speed OSCs:  1 out of 1 (100%)
   Number of Low Speed OSCs:   0 out of 1 (0%)
   Number of RGB PWM:          0 out of 1 (0%)
   Number of RGB Drivers:      0 out of 1 (0%)
   Number of SCL FILTERs:      0 out of 2 (0%)
   Number of SRAMs:            0 out of 4 (0%)
   Number of WARMBOOTs:        0 out of 1 (0%)
   Number of SPIs:             0 out of 2 (0%)
   Number of EBRs:             0 out of 30 (0%)
   Number of PLLs:             0 out of 1 (0%)
   Number of Clocks:  1
      Net leds.int_osc: 25 loads, 25 rising, 0 falling (Driver: Pin
     leds.hf_osc.osc_inst/CLKHF)
   Number of Clock Enables:  1
      Net seg_pad[0].vcc: 1 loads, 0 SLICEs
   Number of LSRs:  1
      Net n161: 25 loads, 25 SLICEs
   Top 10 highest fanout non-clock nets:
      Net leds.n257: 25 loads
      Net n161: 25 loads
      Net s_c_0: 8 loads
      Net s_c_1: 8 loads
      Net s_c_2: 8 loads

                                    Page 1





Design Summary (cont)
---------------------
      Net s_c_3: 8 loads
      Net seg_pad[0].vcc: 3 loads
      Net leds.counter[11]: 2 loads
      Net leds.counter[12]: 2 loads
      Net leds.counter[13]: 2 loads





   Number of warnings:  2
   Number of criticals: 0
   Number of errors:    0

Design Errors/Criticals/Warnings
--------------------------------

WARNING <71003020> - map: Top module port 'clk' does not connect to anything.
WARNING <71003020> - map: Top module port 'clk' does not connect to anything.

IO (PIO) Attributes
-------------------

+---------------------+-----------+-----------+-------+-------+-----------+
| IO Name             | Direction | Levelmode |  IO   |  IO   | Special   |
|                     |           |  IO_TYPE  |  REG  |  DDR  | IO Buffer |
+---------------------+-----------+-----------+-------+-------+-----------+
| s[0]                | INPUT     |           |       |       |           |
+---------------------+-----------+-----------+-------+-------+-----------+
| s[1]                | INPUT     |           |       |       |           |
+---------------------+-----------+-----------+-------+-------+-----------+
| s[2]                | INPUT     |           |       |       |           |
+---------------------+-----------+-----------+-------+-------+-----------+
| s[3]                | INPUT     |           |       |       |           |
+---------------------+-----------+-----------+-------+-------+-----------+
| reset               | INPUT     |           |       |       |           |
+---------------------+-----------+-----------+-------+-------+-----------+
| seg[0]              | OUTPUT    |           |       |       |           |
+---------------------+-----------+-----------+-------+-------+-----------+
| seg[1]              | OUTPUT    |           |       |       |           |
+---------------------+-----------+-----------+-------+-------+-----------+
| seg[2]              | OUTPUT    |           |       |       |           |
+---------------------+-----------+-----------+-------+-------+-----------+
| seg[3]              | OUTPUT    |           |       |       |           |
+---------------------+-----------+-----------+-------+-------+-----------+
| seg[4]              | OUTPUT    |           |       |       |           |
+---------------------+-----------+-----------+-------+-------+-----------+
| seg[5]              | OUTPUT    |           |       |       |           |
+---------------------+-----------+-----------+-------+-------+-----------+
| seg[6]              | OUTPUT    |           |       |       |           |
+---------------------+-----------+-----------+-------+-------+-----------+
| led[0]              | OUTPUT    |           |       |       |           |
+---------------------+-----------+-----------+-------+-------+-----------+
| led[1]              | OUTPUT    |           |       |       |           |
+---------------------+-----------+-----------+-------+-------+-----------+
| led[2]              | OUTPUT    |           |       |       |           |
+---------------------+-----------+-----------+-------+-------+-----------+


                                    Page 2





Removed logic
-------------

Block s_pad[0].vlo_inst was optimized away.

OSC Summary
-----------

OSC 1:                                 Pin/Node Value
  OSC Instance Name:                            leds/hf_osc.osc_inst
  Power UP:                            NODE     seg_pad[0].vcc
  Enable Signal:                       NODE     seg_pad[0].vcc
  OSC Output:                          NODE     leds.int_osc
  DIV Setting:                                  00

ASIC Components
---------------

Instance Name: leds/hf_osc.osc_inst
         Type: HFOSC

Constraint Summary
------------------

   Total number of constraints: 16
   Total number of constraints dropped: 0

Run Time and Memory Usage
-------------------------

   Total CPU Time: 0 secs
   Total REAL Time: 0 secs
   Peak Memory Usage: 67 MB
Checksum -- map: 75adba82db247d694c80445eab4b00e33d855b78


























                                    Page 3


Copyright (c) 1991-1994 by NeoCAD Inc. All rights reserved.
Copyright (c) 1995
     AT&T Corp.   All rights reserved.
Copyright (c) 1995-2001 Lucent
     Technologies Inc.  All rights reserved.
Copyright (c) 2001 Agere Systems
     All rights reserved.
Copyright (c) 2002-2024 Lattice Semiconductor
     Corporation,  All rights reserved.
