
                         Lattice Mapping Report File

Design:  lab3_ai_prototype_qm
Family:  iCE40UP
Device:  iCE40UP5K
Package: SG48
Performance Grade:  High-Performance_1.2V

Mapper:    version Radiant Software (64-bit) 2025.1.0.39.0
Mapped on: Thu Sep 18 14:23:24 2025

Design Information
------------------

Command line:   map -i lab3_ai_prototype_qm_impl_1_syn.udb -o
     lab3_ai_prototype_qm_impl_1_map.udb -mp lab3_ai_prototype_qm_impl_1.mrp
     -hierrpt -gui -msgset C:/Users/peppe/OneDrive/Desktop/Fall 2025 - Spring
     2026/ENGR 155/e155-labs/lab3/ai_prototype/modular_design/lab3_ai_prototype_
     qm/promote.xml

Design Summary
--------------

   Number of slice registers:  55 out of  5280 (1%)
   Number of I/O registers:      0 out of   117 (0%)
   Number of LUT4s:           136 out of  5280 (3%)
      Number of logic LUT4s:              96
      Number of inserted feedthru LUT4s:  24
      Number of replicated LUT4s:          2
      Number of ripple logic:              7 (14 LUT4s)
   Number of IO sites used:   19 out of 39 (49%)
      Number of IO sites used for general PIO: 19
      Number of IO sites used for I3C: 0 out of 2 (0%)
      (note: If I3C is not used, its site can be used as general PIO)
      Number of IO sites used for PIO+I3C: 19 out of 36 (53%)
      Number of IO sites used for OD+RGB IO buffers: 0 out of 3 (0%)
      (note: If RGB LED drivers are not used, sites can be used as OD outputs,
       see TN1288 iCE40 LED Driver Usage Guide)
      Number of IO sites used for PIO+I3C+OD+RGB: 19 out of 39 (49%)
   Number of DSPs:             0 out of 8 (0%)
   Number of I2Cs:             0 out of 2 (0%)
   Number of High Speed OSCs:  0 out of 1 (0%)
   Number of Low Speed OSCs:   0 out of 1 (0%)
   Number of RGB PWM:          0 out of 1 (0%)
   Number of RGB Drivers:      0 out of 1 (0%)
   Number of SCL FILTERs:      0 out of 2 (0%)
   Number of SRAMs:            0 out of 4 (0%)
   Number of WARMBOOTs:        0 out of 1 (0%)
   Number of SPIs:             0 out of 2 (0%)
   Number of EBRs:             0 out of 30 (0%)
   Number of PLLs:             0 out of 1 (0%)
   Number of Clocks:  1
      Net clk_c: 55 loads, 55 rising, 0 falling (Driver: Port clk)
   Number of Clock Enables:  5
      Net new_key: 8 loads, 8 SLICEs
      Net scanner.scan_tick: 8 loads, 8 SLICEs
      Net scanner.valid_next: 4 loads, 4 SLICEs
      Net one_shot.n451: 4 loads, 4 SLICEs
      Net one_shot.n824: 4 loads, 4 SLICEs
   Number of LSRs:  1
      Pin rst: 55 loads, 55 SLICEs (Net: rst_c)

                                    Page 1





Design Summary (cont)
---------------------
   Top 10 highest fanout non-clock nets:
      Net rst_c: 55 loads
      Net n25: 13 loads
      Net scanner.row_sample[1]: 13 loads
      Net scanner.row_sample[3]: 12 loads
      Net scanner.row_sample[0]: 11 loads
      Net scanner.row_sample[2]: 11 loads
      Net scan_key_valid: 11 loads
      Net mux_sel: 10 loads
      Net scanner.col_n_c_3_N_83[3]: 10 loads
      Net digit_right[0]: 8 loads





   Number of warnings:  0
   Number of criticals: 0
   Number of errors:    0

Design Errors/Criticals/Warnings
--------------------------------

   No error, critical, or warning presents.

IO (PIO) Attributes
-------------------

+---------------------+-----------+-----------+-------+-------+-----------+
| IO Name             | Direction | Levelmode |  IO   |  IO   | Special   |
|                     |           |  IO_TYPE  |  REG  |  DDR  | IO Buffer |
+---------------------+-----------+-----------+-------+-------+-----------+
| row_n[0]            | INPUT     |           |       |       |           |
+---------------------+-----------+-----------+-------+-------+-----------+
| row_n[1]            | INPUT     |           |       |       |           |
+---------------------+-----------+-----------+-------+-------+-----------+
| row_n[2]            | INPUT     |           |       |       |           |
+---------------------+-----------+-----------+-------+-------+-----------+
| row_n[3]            | INPUT     |           |       |       |           |
+---------------------+-----------+-----------+-------+-------+-----------+
| rst                 | INPUT     |           |       |       |           |
+---------------------+-----------+-----------+-------+-------+-----------+
| clk                 | INPUT     |           |       |       |           |
+---------------------+-----------+-----------+-------+-------+-----------+
| dig_en[0]           | OUTPUT    |           |       |       |           |
+---------------------+-----------+-----------+-------+-------+-----------+
| dig_en[1]           | OUTPUT    |           |       |       |           |
+---------------------+-----------+-----------+-------+-------+-----------+
| seg[0]              | OUTPUT    |           |       |       |           |
+---------------------+-----------+-----------+-------+-------+-----------+
| seg[1]              | OUTPUT    |           |       |       |           |
+---------------------+-----------+-----------+-------+-------+-----------+
| seg[2]              | OUTPUT    |           |       |       |           |
+---------------------+-----------+-----------+-------+-------+-----------+
| seg[3]              | OUTPUT    |           |       |       |           |
+---------------------+-----------+-----------+-------+-------+-----------+
| seg[4]              | OUTPUT    |           |       |       |           |
+---------------------+-----------+-----------+-------+-------+-----------+

                                    Page 2





IO (PIO) Attributes (cont)
--------------------------
| seg[5]              | OUTPUT    |           |       |       |           |
+---------------------+-----------+-----------+-------+-------+-----------+
| seg[6]              | OUTPUT    |           |       |       |           |
+---------------------+-----------+-----------+-------+-------+-----------+
| col_n[0]            | OUTPUT    |           |       |       |           |
+---------------------+-----------+-----------+-------+-------+-----------+
| col_n[1]            | OUTPUT    |           |       |       |           |
+---------------------+-----------+-----------+-------+-------+-----------+
| col_n[2]            | OUTPUT    |           |       |       |           |
+---------------------+-----------+-----------+-------+-------+-----------+
| col_n[3]            | OUTPUT    |           |       |       |           |
+---------------------+-----------+-----------+-------+-------+-----------+

Removed logic
-------------

Block i1 was optimized away.

Constraint Summary
------------------

   Total number of constraints: 0
   Total number of constraints dropped: 0

Run Time and Memory Usage
-------------------------

   Total CPU Time: 0 secs
   Total REAL Time: 0 secs
   Peak Memory Usage: 64 MB
Checksum -- map: 9a79c0886b821df175ade27075754ac2ae288bf4



























                                    Page 3


Copyright (c) 1991-1994 by NeoCAD Inc. All rights reserved.
Copyright (c) 1995
     AT&T Corp.   All rights reserved.
Copyright (c) 1995-2001 Lucent
     Technologies Inc.  All rights reserved.
Copyright (c) 2001 Agere Systems
     All rights reserved.
Copyright (c) 2002-2025 Lattice Semiconductor
     Corporation,  All rights reserved.
